[2026-04-21 11:16:04] ERROR: querySrv ENOTFOUND _mongodb._tcp.cluster0.skanvbc.mongodb.net Error: querySrv ENOTFOUND _mongodb._tcp.cluster0.skanvbc.mongodb.net
    at QueryReqWrap.onresolve [as oncomplete] (node:internal/dns/promises:294:17)
[2026-04-21 11:20:01] ERROR: querySrv ENOTFOUND _mongodb._tcp.cluster0.skanvbc.mongodb.net Error: querySrv ENOTFOUND _mongodb._tcp.cluster0.skanvbc.mongodb.net
    at QueryReqWrap.onresolve [as oncomplete] (node:internal/dns/promises:294:17)
[2026-04-21 11:21:52] ERROR: querySrv ENOTFOUND _mongodb._tcp.cluster0.skanvbc.mongodb.net Error: querySrv ENOTFOUND _mongodb._tcp.cluster0.skanvbc.mongodb.net
    at QueryReqWrap.onresolve [as oncomplete] (node:internal/dns/promises:294:17)
[2026-04-21 11:27:31] ERROR: querySrv EREFUSED _mongodb._tcp.cluster0.skanvbc.mongodb.net Error: querySrv EREFUSED _mongodb._tcp.cluster0.skanvbc.mongodb.net
    at QueryReqWrap.onresolve [as oncomplete] (node:internal/dns/promises:294:17)
[2026-04-21 11:29:18] ERROR: Could not connect to any servers in your MongoDB Atlas cluster. One common reason is that you're trying to access the database from an IP that isn't whitelisted. Make sure your current IP address is on your Atlas cluster's IP whitelist: https://www.mongodb.com/docs/atlas/security-whitelist/ MongooseServerSelectionError: Could not connect to any servers in your MongoDB Atlas cluster. One common reason is that you're trying to access the database from an IP that isn't whitelisted. Make sure your current IP address is on your Atlas cluster's IP whitelist: https://www.mongodb.com/docs/atlas/security-whitelist/
    at _handleConnectionErrors (C:\Users\EASYSKILL\Desktop\smart-finance-tracker\backend\node_modules\mongoose\lib\connection.js:1180:11)
    at NativeConnection.openUri (C:\Users\EASYSKILL\Desktop\smart-finance-tracker\backend\node_modules\mongoose\lib\connection.js:1111:11)
[2026-04-21 11:31:31] ERROR: Could not connect to any servers in your MongoDB Atlas cluster. One common reason is that you're trying to access the database from an IP that isn't whitelisted. Make sure your current IP address is on your Atlas cluster's IP whitelist: https://www.mongodb.com/docs/atlas/security-whitelist/ MongooseServerSelectionError: Could not connect to any servers in your MongoDB Atlas cluster. One common reason is that you're trying to access the database from an IP that isn't whitelisted. Make sure your current IP address is on your Atlas cluster's IP whitelist: https://www.mongodb.com/docs/atlas/security-whitelist/
    at _handleConnectionErrors (C:\Users\EASYSKILL\Desktop\smart-finance-tracker\backend\node_modules\mongoose\lib\connection.js:1180:11)
    at NativeConnection.openUri (C:\Users\EASYSKILL\Desktop\smart-finance-tracker\backend\node_modules\mongoose\lib\connection.js:1111:11)
[2026-04-21 11:37:05] ERROR: querySrv ENOTFOUND _mongodb._tcp.cluster0.skanvbc.mongodb.net Error: querySrv ENOTFOUND _mongodb._tcp.cluster0.skanvbc.mongodb.net
    at QueryReqWrap.onresolve [as oncomplete] (node:internal/dns/promises:294:17)
[2026-04-21 11:37:37] ERROR: querySrv ENOTFOUND _mongodb._tcp.cluster0.skanvbc.mongodb.net Error: querySrv ENOTFOUND _mongodb._tcp.cluster0.skanvbc.mongodb.net
    at QueryReqWrap.onresolve [as oncomplete] (node:internal/dns/promises:294:17)
[2026-04-21 11:38:25] ERROR: querySrv ENOTFOUND _mongodb._tcp.cluster0.skanvbc.mongodb.net Error: querySrv ENOTFOUND _mongodb._tcp.cluster0.skanvbc.mongodb.net
    at QueryReqWrap.onresolve [as oncomplete] (node:internal/dns/promises:294:17)
[2026-04-21 11:39:13] ERROR: Could not connect to any servers in your MongoDB Atlas cluster. One common reason is that you're trying to access the database from an IP that isn't whitelisted. Make sure your current IP address is on your Atlas cluster's IP whitelist: https://www.mongodb.com/docs/atlas/security-whitelist/ MongooseServerSelectionError: Could not connect to any servers in your MongoDB Atlas cluster. One common reason is that you're trying to access the database from an IP that isn't whitelisted. Make sure your current IP address is on your Atlas cluster's IP whitelist: https://www.mongodb.com/docs/atlas/security-whitelist/
    at _handleConnectionErrors (C:\Users\EASYSKILL\Desktop\smart-finance-tracker\backend\node_modules\mongoose\lib\connection.js:1180:11)
    at NativeConnection.openUri (C:\Users\EASYSKILL\Desktop\smart-finance-tracker\backend\node_modules\mongoose\lib\connection.js:1111:11)
    at runNextTicks (node:internal/process/task_queues:64:5)
    at listOnTimeout (node:internal/timers:567:9)
    at process.processTimers (node:internal/timers:541:7)
[2026-04-21 11:41:26] ERROR: bad auth : authentication failed MongoServerError: bad auth : authentication failed
    at Connection.sendCommand (C:\Users\EASYSKILL\Desktop\smart-finance-tracker\backend\node_modules\mongodb\lib\cmap\connection.js:320:27)
    at process.processTicksAndRejections (node:internal/process/task_queues:103:5)
    at async Connection.command (C:\Users\EASYSKILL\Desktop\smart-finance-tracker\backend\node_modules\mongodb\lib\cmap\connection.js:344:26)
    at async continueScramConversation (C:\Users\EASYSKILL\Desktop\smart-finance-tracker\backend\node_modules\mongodb\lib\cmap\auth\scram.js:131:15)
    at async executeScram (C:\Users\EASYSKILL\Desktop\smart-finance-tracker\backend\node_modules\mongodb\lib\cmap\auth\scram.js:80:5)
    at async ScramSHA1.auth (C:\Users\EASYSKILL\Desktop\smart-finance-tracker\backend\node_modules\mongodb\lib\cmap\auth\scram.js:39:16)
    at async performInitialHandshake (C:\Users\EASYSKILL\Desktop\smart-finance-tracker\backend\node_modules\mongodb\lib\cmap\connect.js:110:13)
    at async connect (C:\Users\EASYSKILL\Desktop\smart-finance-tracker\backend\node_modules\mongodb\lib\cmap\connect.js:28:9)
[2026-04-24 10:29:22] ERROR: querySrv ENOTFOUND _mongodb._tcp.015 Error: querySrv ENOTFOUND _mongodb._tcp.015
    at QueryReqWrap.onresolve [as oncomplete] (node:internal/dns/promises:294:17)
[2026-04-24 10:31:00] ERROR: bad auth : authentication failed MongoServerError: bad auth : authentication failed
    at Connection.sendCommand (C:\Users\EASYSKILL\Desktop\smart-finance-tracker\backend\node_modules\mongodb\lib\cmap\connection.js:320:27)
    at process.processTicksAndRejections (node:internal/process/task_queues:103:5)
    at async Connection.command (C:\Users\EASYSKILL\Desktop\smart-finance-tracker\backend\node_modules\mongodb\lib\cmap\connection.js:344:26)
    at async continueScramConversation (C:\Users\EASYSKILL\Desktop\smart-finance-tracker\backend\node_modules\mongodb\lib\cmap\auth\scram.js:131:15)
    at async executeScram (C:\Users\EASYSKILL\Desktop\smart-finance-tracker\backend\node_modules\mongodb\lib\cmap\auth\scram.js:80:5)
    at async ScramSHA1.auth (C:\Users\EASYSKILL\Desktop\smart-finance-tracker\backend\node_modules\mongodb\lib\cmap\auth\scram.js:39:16)
    at async performInitialHandshake (C:\Users\EASYSKILL\Desktop\smart-finance-tracker\backend\node_modules\mongodb\lib\cmap\connect.js:110:13)
    at async connect (C:\Users\EASYSKILL\Desktop\smart-finance-tracker\backend\node_modules\mongodb\lib\cmap\connect.js:28:9)
[2026-04-24 10:38:05] ERROR: querySrv ENOTFOUND _mongodb._tcp.1511 Error: querySrv ENOTFOUND _mongodb._tcp.1511
    at QueryReqWrap.onresolve [as oncomplete] (node:internal/dns/promises:294:17)
[2026-04-24 10:39:59] ERROR: Invalid scheme, expected connection string to start with "mongodb://" or "mongodb+srv://" MongoParseError: Invalid scheme, expected connection string to start with "mongodb://" or "mongodb+srv://"
    at new ConnectionString (C:\Users\EASYSKILL\Desktop\smart-finance-tracker\backend\node_modules\mongodb-connection-string-url\lib\index.js:85:19)
    at parseOptions (C:\Users\EASYSKILL\Desktop\smart-finance-tracker\backend\node_modules\mongodb\lib\connection_string.js:198:17)
    at new MongoClient (C:\Users\EASYSKILL\Desktop\smart-finance-tracker\backend\node_modules\mongodb\lib\mongo_client.js:67:61)
    at NativeConnection.createClient (C:\Users\EASYSKILL\Desktop\smart-finance-tracker\backend\node_modules\mongoose\lib\drivers\node-mongodb-native\connection.js:338:14)
    at NativeConnection.openUri (C:\Users\EASYSKILL\Desktop\smart-finance-tracker\backend\node_modules\mongoose\lib\connection.js:1086:34)
    at Mongoose.connect (C:\Users\EASYSKILL\Desktop\smart-finance-tracker\backend\node_modules\mongoose\lib\mongoose.js:475:15)
    at Object.<anonymous> (C:\Users\EASYSKILL\Desktop\smart-finance-tracker\backend\server.js:22:10)
    at Module._compile (node:internal/modules/cjs/loader:1761:14)
    at Object..js (node:internal/modules/cjs/loader:1893:10)
    at Module.load (node:internal/modules/cjs/loader:1481:32)
